<?xml version="1.0" encoding="UTF-8"?>
<!-- Generated by org.testng.reporters.JUnitReportReporter -->
<testsuite skipped="0" hostname="DESKTOP-H84T4ED" name="com.tej.tests.SampleFundPageTests" tests="3" failures="0" timestamp="27 Jan 2022 20:12:25 GMT" time="16.206" errors="0">
  <testcase name="verifyPageTitle" time="4.593" classname="com.tej.tests.SampleFundPageTests"/>
  <testcase name="verifyFirstName" time="4.796" classname="com.tej.tests.SampleFundPageTests"/>
  <testcase name="submitFormTest" time="6.817" classname="com.tej.tests.SampleFundPageTests"/>
</testsuite> <!-- com.tej.tests.SampleFundPageTests -->
