<?xml version="1.0" encoding="UTF-8"?>
<!-- Generated by org.testng.reporters.JUnitReportReporter -->
<testsuite skipped="0" hostname="DESKTOP-H84T4ED" name="com.tej.tests.AmazonPageTest" tests="1" failures="0" timestamp="26 Jan 2022 03:34:43 GMT" time="125.894" errors="0">
  <testcase name="brokenLinksImagesTestModified" time="125.894" classname="com.tej.tests.AmazonPageTest"/>
</testsuite> <!-- com.tej.tests.AmazonPageTest -->
