<?xml version="1.0" encoding="UTF-8"?>
<!-- Generated by org.testng.reporters.JUnitReportReporter -->
<testsuite skipped="0" hostname="DESKTOP-H84T4ED" name="com.tej.tests.HomePageTests" tests="1" failures="0" timestamp="27 Jan 2022 19:30:10 GMT" time="4.865" errors="0">
  <testcase name="testLaunchURL" time="4.865" classname="com.tej.tests.HomePageTests"/>
</testsuite> <!-- com.tej.tests.HomePageTests -->
